Working on data:  bbbp
1026 117 142 285
Starting upsampling for data: bbbp
Model loaded!!
DisentGNN(
  (gnn): MultiViewGCN(
    (conv1): GCNConv(9, 32)
    (conv2): GCNConv(32, 64)
    (conv3): GCNConv(64, 64)
    (lin1): Linear(in_features=64, out_features=32, bias=True)
    (lin2): Linear(in_features=32, out_features=64, bias=True)
  )
  (mlp_z1): Linear(in_features=64, out_features=16, bias=True)
  (mlp_z2): Linear(in_features=64, out_features=16, bias=True)
  (lin1): Linear(in_features=16, out_features=32, bias=True)
  (lin2): Linear(in_features=16, out_features=32, bias=True)
  (target_lin): Linear(in_features=32, out_features=1, bias=True)
  (sensitive_lin): Linear(in_features=32, out_features=9, bias=True)
  (layer_norm_1): LayerNorm((1,), eps=1e-05, elementwise_affine=True)
  (layer_norm_2): LayerNorm((9,), eps=1e-05, elementwise_affine=True)
  (layer_norm_3): LayerNorm((16,), eps=1e-05, elementwise_affine=True)
  (batch_norm): BatchNorm1d(1, eps=1e-05, momentum=0.1, affine=True, track_running_stats=True)
)
Criterion name:  pair_loss_cos
/scratch/zheng/conda/envs/my_env/lib/python3.8/site-packages/torch_geometric/deprecation.py:22: UserWarning: 'data.DataLoader' is deprecated, use 'loader.DataLoader' instead
  warnings.warn(out)
Epoch: 01, trloss: 1.4891, trroc: 0.5552, trf1: 0.0000, tracc: 0.5420, valloss: 0.7609, valroc: 0.5193, valf1: 0.0000, valacc: 0.1709, testloss_1: 0.7601, testroc_1: 0.5224, testf1_1: 0.0000, testacc_1: 0.1761, testloss_2: 0.7601, testroc_2: 0.3254, testf1_2: 0.0000, testacc_2: 0.1649.
Epoch: 02, trloss: 1.4555, trroc: 0.5665, trf1: 0.0000, tracc: 0.5420, valloss: 0.7335, valroc: 0.5433, valf1: 0.0000, valacc: 0.1709, testloss_1: 0.7333, testroc_1: 0.5398, testf1_1: 0.0000, testacc_1: 0.1761, testloss_2: 0.7332, testroc_2: 0.3368, testf1_2: 0.0000, testacc_2: 0.1649.
Epoch: 03, trloss: 1.4711, trroc: 0.5748, trf1: 0.0000, tracc: 0.5420, valloss: 0.7436, valroc: 0.5472, valf1: 0.0000, valacc: 0.1709, testloss_1: 0.7434, testroc_1: 0.5467, testf1_1: 0.0000, testacc_1: 0.1761, testloss_2: 0.7434, testroc_2: 0.3392, testf1_2: 0.0000, testacc_2: 0.1649.
Epoch: 04, trloss: 1.4896, trroc: 0.5784, trf1: 0.0000, tracc: 0.5420, valloss: 0.7474, valroc: 0.5693, valf1: 0.0000, valacc: 0.1709, testloss_1: 0.7477, testroc_1: 0.5593, testf1_1: 0.0000, testacc_1: 0.1761, testloss_2: 0.7473, testroc_2: 0.3564, testf1_2: 0.0000, testacc_2: 0.1649.
Epoch: 05, trloss: 1.4733, trroc: 0.5806, trf1: 0.0000, tracc: 0.5420, valloss: 0.7265, valroc: 0.5902, valf1: 0.0000, valacc: 0.1709, testloss_1: 0.7269, testroc_1: 0.5597, testf1_1: 0.0000, testacc_1: 0.1761, testloss_2: 0.7265, testroc_2: 0.3634, testf1_2: 0.0000, testacc_2: 0.1649.
Epoch: 06, trloss: 1.4585, trroc: 0.5847, trf1: 0.0000, tracc: 0.5420, valloss: 0.7663, valroc: 0.6144, valf1: 0.0000, valacc: 0.1709, testloss_1: 0.7669, testroc_1: 0.5528, testf1_1: 0.0000, testacc_1: 0.1761, testloss_2: 0.7667, testroc_2: 0.3771, testf1_2: 0.0000, testacc_2: 0.1649.
Epoch: 07, trloss: 1.4557, trroc: 0.5917, trf1: 0.0000, tracc: 0.5420, valloss: 0.7348, valroc: 0.6521, valf1: 0.0000, valacc: 0.1709, testloss_1: 0.7368, testroc_1: 0.5545, testf1_1: 0.0000, testacc_1: 0.1761, testloss_2: 0.7362, testroc_2: 0.4089, testf1_2: 0.0000, testacc_2: 0.1649.
Epoch: 08, trloss: 1.4502, trroc: 0.6004, trf1: 0.0000, tracc: 0.5420, valloss: 0.7313, valroc: 0.6742, valf1: 0.0000, valacc: 0.1709, testloss_1: 0.7345, testroc_1: 0.5706, testf1_1: 0.0000, testacc_1: 0.1761, testloss_2: 0.7347, testroc_2: 0.4211, testf1_2: 0.0000, testacc_2: 0.1649.
Epoch: 09, trloss: 1.4459, trroc: 0.6124, trf1: 0.0093, tracc: 0.5441, valloss: 0.7512, valroc: 0.6912, valf1: 0.0000, valacc: 0.1709, testloss_1: 0.7549, testroc_1: 0.5798, testf1_1: 0.0169, testacc_1: 0.1831, testloss_2: 0.7583, testroc_2: 0.4372, testf1_2: 0.0000, testacc_2: 0.1649.
Epoch: 10, trloss: 1.4387, trroc: 0.6298, trf1: 0.1026, tracc: 0.5607, valloss: 0.7404, valroc: 0.7160, valf1: 0.0971, valacc: 0.2051, testloss_1: 0.7468, testroc_1: 0.6089, testf1_1: 0.0820, testacc_1: 0.2113, testloss_2: 0.7553, testroc_2: 0.4740, testf1_2: 0.0167, testacc_2: 0.1719.
Epoch: 11, trloss: 1.4330, trroc: 0.6485, trf1: 0.2125, tracc: 0.5879, valloss: 0.7469, valroc: 0.7314, valf1: 0.3248, valacc: 0.3248, testloss_1: 0.7562, testroc_1: 0.6431, testf1_1: 0.2137, testacc_1: 0.2746, testloss_2: 0.7768, testroc_2: 0.5251, testf1_2: 0.0569, testacc_2: 0.1860.
Epoch: 12, trloss: 1.3985, trroc: 0.6786, trf1: 0.3351, tracc: 0.6034, valloss: 0.7762, valroc: 0.7585, valf1: 0.4688, valacc: 0.4188, testloss_1: 0.7879, testroc_1: 0.6985, testf1_1: 0.3611, testacc_1: 0.3521, testloss_2: 0.8473, testroc_2: 0.5880, testf1_2: 0.2148, testacc_2: 0.2561.
Epoch: 13, trloss: 1.3511, trroc: 0.7113, trf1: 0.6245, tracc: 0.6606, valloss: 0.6244, valroc: 0.7796, valf1: 0.7578, valacc: 0.6667, testloss_1: 0.6277, testroc_1: 0.7648, testf1_1: 0.7347, testacc_1: 0.6338, testloss_2: 0.7603, testroc_2: 0.6433, testf1_2: 0.5932, testacc_2: 0.4947.
Epoch: 14, trloss: 1.3193, trroc: 0.7381, trf1: 0.3421, tracc: 0.6136, valloss: 0.8824, valroc: 0.7820, valf1: 0.3802, valacc: 0.3590, testloss_1: 0.8372, testroc_1: 0.8048, testf1_1: 0.4027, testacc_1: 0.3732, testloss_2: 1.0654, testroc_2: 0.6724, testf1_2: 0.2022, testacc_2: 0.2526.
Epoch: 15, trloss: 1.3411, trroc: 0.7453, trf1: 0.5857, tracc: 0.6772, valloss: 0.7088, valroc: 0.7830, valf1: 0.6438, valacc: 0.5556, testloss_1: 0.6646, testroc_1: 0.8154, testf1_1: 0.6957, testacc_1: 0.6056, testloss_2: 0.9301, testroc_2: 0.6691, testf1_2: 0.5165, testacc_2: 0.4351.
Epoch: 16, trloss: 1.2717, trroc: 0.7549, trf1: 0.6330, tracc: 0.6852, valloss: 0.6475, valroc: 0.7722, valf1: 0.6928, valacc: 0.5983, testloss_1: 0.5912, testroc_1: 0.8277, testf1_1: 0.7677, testacc_1: 0.6761, testloss_2: 0.8673, testroc_2: 0.6743, testf1_2: 0.5892, testacc_2: 0.4912.
Epoch: 17, trloss: 1.2663, trroc: 0.7582, trf1: 0.6946, tracc: 0.7002, valloss: 0.5572, valroc: 0.7660, valf1: 0.7738, valacc: 0.6752, testloss_1: 0.5130, testroc_1: 0.8226, testf1_1: 0.8519, testacc_1: 0.7746, testloss_2: 0.7533, testroc_2: 0.6690, testf1_2: 0.6488, testacc_2: 0.5404.
Epoch: 18, trloss: 1.2691, trroc: 0.7603, trf1: 0.5222, tracc: 0.6665, valloss: 0.8001, valroc: 0.7814, valf1: 0.5113, valacc: 0.4444, testloss_1: 0.7205, testroc_1: 0.8294, testf1_1: 0.6243, testacc_1: 0.5423, testloss_2: 1.0766, testroc_2: 0.6771, testf1_2: 0.4381, testacc_2: 0.3789.
Epoch: 19, trloss: 1.2368, trroc: 0.7632, trf1: 0.5305, tracc: 0.6745, valloss: 0.8277, valroc: 0.7652, valf1: 0.5113, valacc: 0.4444, testloss_1: 0.7260, testroc_1: 0.8274, testf1_1: 0.6400, testacc_1: 0.5563, testloss_2: 1.0696, testroc_2: 0.6766, testf1_2: 0.4658, testacc_2: 0.3965.
Epoch: 20, trloss: 1.2591, trroc: 0.7677, trf1: 0.7022, tracc: 0.6986, valloss: 0.5399, valroc: 0.7601, valf1: 0.8161, valacc: 0.7265, testloss_1: 0.4874, testroc_1: 0.8304, testf1_1: 0.8465, testacc_1: 0.7676, testloss_2: 0.7427, testroc_2: 0.6713, testf1_2: 0.6632, testacc_2: 0.5509.
Epoch: 21, trloss: 1.2207, trroc: 0.7716, trf1: 0.6637, tracc: 0.7210, valloss: 0.6589, valroc: 0.7644, valf1: 0.6968, valacc: 0.5983, testloss_1: 0.5795, testroc_1: 0.8301, testf1_1: 0.7817, testacc_1: 0.6972, testloss_2: 0.9192, testroc_2: 0.6749, testf1_2: 0.5972, testacc_2: 0.4982.
Epoch: 22, trloss: 1.2210, trroc: 0.7734, trf1: 0.7053, tracc: 0.7258, valloss: 0.5987, valroc: 0.7634, valf1: 0.7453, valacc: 0.6496, testloss_1: 0.5280, testroc_1: 0.8297, testf1_1: 0.8098, testacc_1: 0.7254, testloss_2: 0.8583, testroc_2: 0.6788, testf1_2: 0.6264, testacc_2: 0.5228.
Epoch: 23, trloss: 1.2009, trroc: 0.7782, trf1: 0.6039, tracc: 0.6964, valloss: 0.7389, valroc: 0.7647, valf1: 0.6301, valacc: 0.5385, testloss_1: 0.6380, testroc_1: 0.8373, testf1_1: 0.7407, testacc_1: 0.6549, testloss_2: 1.0127, testroc_2: 0.6741, testf1_2: 0.5298, testacc_2: 0.4456.
Epoch: 24, trloss: 1.2524, trroc: 0.7780, trf1: 0.5651, tracc: 0.6873, valloss: 0.7782, valroc: 0.7675, valf1: 0.5612, valacc: 0.4786, testloss_1: 0.6830, testroc_1: 0.8345, testf1_1: 0.6923, testacc_1: 0.6056, testloss_2: 1.0621, testroc_2: 0.6796, testf1_2: 0.4562, testacc_2: 0.3895.
Epoch: 25, trloss: 1.2404, trroc: 0.7789, trf1: 0.7254, tracc: 0.7349, valloss: 0.5618, valroc: 0.7683, valf1: 0.7857, valacc: 0.6923, testloss_1: 0.5032, testroc_1: 0.8301, testf1_1: 0.8436, testacc_1: 0.7676, testloss_2: 0.8263, testroc_2: 0.6776, testf1_2: 0.6339, testacc_2: 0.5298.
Epoch: 26, trloss: 1.2022, trroc: 0.7835, trf1: 0.6866, tracc: 0.7370, valloss: 0.6446, valroc: 0.7678, valf1: 0.6883, valacc: 0.5897, testloss_1: 0.5624, testroc_1: 0.8393, testf1_1: 0.7817, testacc_1: 0.6972, testloss_2: 0.9055, testroc_2: 0.6744, testf1_2: 0.5852, testacc_2: 0.4877.
Epoch: 27, trloss: 1.1757, trroc: 0.7855, trf1: 0.6116, tracc: 0.7060, valloss: 0.7390, valroc: 0.7722, valf1: 0.6395, valacc: 0.5470, testloss_1: 0.6438, testroc_1: 0.8376, testf1_1: 0.7234, testacc_1: 0.6338, testloss_2: 1.0398, testroc_2: 0.6771, testf1_2: 0.5165, testacc_2: 0.4351.
Epoch: 28, trloss: 1.1675, trroc: 0.7922, trf1: 0.6918, tracc: 0.7418, valloss: 0.6481, valroc: 0.7691, valf1: 0.7051, valacc: 0.6068, testloss_1: 0.5575, testroc_1: 0.8431, testf1_1: 0.7879, testacc_1: 0.7042, testloss_2: 0.9157, testroc_2: 0.6632, testf1_2: 0.5852, testacc_2: 0.4877.
Epoch: 29, trloss: 1.1728, trroc: 0.7885, trf1: 0.6855, tracc: 0.6366, valloss: 0.4416, valroc: 0.7526, valf1: 0.8617, valacc: 0.7778, testloss_1: 0.3984, testroc_1: 0.8369, testf1_1: 0.8596, testacc_1: 0.7746, testloss_2: 0.6715, testroc_2: 0.6574, testf1_2: 0.7041, testacc_2: 0.5930.
Epoch: 30, trloss: 1.1753, trroc: 0.7907, trf1: 0.7101, tracc: 0.7263, valloss: 0.5755, valroc: 0.7590, valf1: 0.7758, valacc: 0.6838, testloss_1: 0.4898, testroc_1: 0.8400, testf1_1: 0.8406, testacc_1: 0.7676, testloss_2: 0.8758, testroc_2: 0.6596, testf1_2: 0.6267, testacc_2: 0.5193.
Epoch: 31, trloss: 1.1579, trroc: 0.7913, trf1: 0.7065, tracc: 0.7456, valloss: 0.6308, valroc: 0.7840, valf1: 0.7500, valacc: 0.6581, testloss_1: 0.5723, testroc_1: 0.8246, testf1_1: 0.7692, testacc_1: 0.6831, testloss_2: 0.9166, testroc_2: 0.6768, testf1_2: 0.5665, testacc_2: 0.4737.
Epoch: 32, trloss: 1.1522, trroc: 0.8030, trf1: 0.7112, tracc: 0.7344, valloss: 0.5980, valroc: 0.7750, valf1: 0.7421, valacc: 0.6496, testloss_1: 0.5207, testroc_1: 0.8503, testf1_1: 0.8350, testacc_1: 0.7606, testloss_2: 0.9159, testroc_2: 0.6668, testf1_2: 0.5955, testacc_2: 0.4947.
Epoch: 33, trloss: 1.1297, trroc: 0.8039, trf1: 0.7069, tracc: 0.7429, valloss: 0.6209, valroc: 0.7732, valf1: 0.7296, valacc: 0.6325, testloss_1: 0.5353, testroc_1: 0.8448, testf1_1: 0.8235, testacc_1: 0.7465, testloss_2: 0.9085, testroc_2: 0.6612, testf1_2: 0.5938, testacc_2: 0.4912.
Epoch: 34, trloss: 1.1285, trroc: 0.8034, trf1: 0.7205, tracc: 0.7467, valloss: 0.5807, valroc: 0.7737, valf1: 0.7758, valacc: 0.6838, testloss_1: 0.5086, testroc_1: 0.8468, testf1_1: 0.8293, testacc_1: 0.7535, testloss_2: 0.8297, testroc_2: 0.6632, testf1_2: 0.6000, testacc_2: 0.4947.
Epoch: 35, trloss: 1.1309, trroc: 0.7998, trf1: 0.6954, tracc: 0.7472, valloss: 0.6743, valroc: 0.7825, valf1: 0.7261, valacc: 0.6325, testloss_1: 0.5987, testroc_1: 0.8373, testf1_1: 0.7692, testacc_1: 0.6831, testloss_2: 0.9855, testroc_2: 0.6788, testf1_2: 0.5385, testacc_2: 0.4526.
Epoch: 36, trloss: 1.1275, trroc: 0.8035, trf1: 0.5391, tracc: 0.6948, valloss: 0.8411, valroc: 0.7959, valf1: 0.4375, valacc: 0.3846, testloss_1: 0.7569, testroc_1: 0.8294, testf1_1: 0.6243, testacc_1: 0.5423, testloss_2: 1.1731, testroc_2: 0.6768, testf1_2: 0.3208, testacc_2: 0.3018.
Epoch: 37, trloss: 1.1205, trroc: 0.8134, trf1: 0.7177, tracc: 0.7066, valloss: 0.4793, valroc: 0.7789, valf1: 0.8619, valacc: 0.7863, testloss_1: 0.4413, testroc_1: 0.8434, testf1_1: 0.8807, testacc_1: 0.8169, testloss_2: 0.7671, testroc_2: 0.6674, testf1_2: 0.6667, testacc_2: 0.5579.
Epoch: 38, trloss: 1.1661, trroc: 0.7979, trf1: 0.6993, tracc: 0.6489, valloss: 0.4245, valroc: 0.7822, valf1: 0.8842, valacc: 0.8120, testloss_1: 0.4310, testroc_1: 0.8219, testf1_1: 0.8983, testacc_1: 0.8310, testloss_2: 0.6690, testroc_2: 0.6857, testf1_2: 0.7010, testacc_2: 0.5930.
Epoch: 39, trloss: 1.1666, trroc: 0.8107, trf1: 0.7196, tracc: 0.7600, valloss: 0.6186, valroc: 0.7874, valf1: 0.7421, valacc: 0.6496, testloss_1: 0.5564, testroc_1: 0.8489, testf1_1: 0.8000, testacc_1: 0.7183, testloss_2: 0.9246, testroc_2: 0.6672, testf1_2: 0.5771, testacc_2: 0.4807.
Epoch: 40, trloss: 1.1266, trroc: 0.8091, trf1: 0.6902, tracc: 0.6483, valloss: 0.4363, valroc: 0.7691, valf1: 0.8617, valacc: 0.7778, testloss_1: 0.4048, testroc_1: 0.8444, testf1_1: 0.8520, testacc_1: 0.7676, testloss_2: 0.6793, testroc_2: 0.6526, testf1_2: 0.7157, testacc_2: 0.6070.
Epoch: 41, trloss: 1.1253, trroc: 0.8117, trf1: 0.7330, tracc: 0.7691, valloss: 0.6082, valroc: 0.7789, valf1: 0.7654, valacc: 0.6752, testloss_1: 0.5588, testroc_1: 0.8393, testf1_1: 0.8119, testacc_1: 0.7324, testloss_2: 0.8741, testroc_2: 0.6746, testf1_2: 0.5690, testacc_2: 0.4737.
Epoch: 42, trloss: 1.0901, trroc: 0.8161, trf1: 0.7281, tracc: 0.7301, valloss: 0.5086, valroc: 0.7765, valf1: 0.8070, valacc: 0.7179, testloss_1: 0.4619, testroc_1: 0.8472, testf1_1: 0.8638, testacc_1: 0.7958, testloss_2: 0.8001, testroc_2: 0.6744, testf1_2: 0.6755, testacc_2: 0.5684.
Epoch: 43, trloss: 1.0706, trroc: 0.8222, trf1: 0.6935, tracc: 0.7595, valloss: 0.7143, valroc: 0.7843, valf1: 0.6842, valacc: 0.5897, testloss_1: 0.6310, testroc_1: 0.8530, testf1_1: 0.7795, testacc_1: 0.6972, testloss_2: 1.0232, testroc_2: 0.6657, testf1_2: 0.5134, testacc_2: 0.4281.
Epoch: 44, trloss: 1.0867, trroc: 0.8241, trf1: 0.7142, tracc: 0.6937, valloss: 0.4500, valroc: 0.7809, valf1: 0.8757, valacc: 0.8034, testloss_1: 0.4348, testroc_1: 0.8458, testf1_1: 0.8818, testacc_1: 0.8169, testloss_2: 0.6847, testroc_2: 0.6700, testf1_2: 0.7077, testacc_2: 0.6000.
Epoch: 45, trloss: 1.0821, trroc: 0.8267, trf1: 0.7342, tracc: 0.7712, valloss: 0.5960, valroc: 0.7985, valf1: 0.7805, valacc: 0.6923, testloss_1: 0.5575, testroc_1: 0.8485, testf1_1: 0.8000, testacc_1: 0.7183, testloss_2: 0.9169, testroc_2: 0.6806, testf1_2: 0.5892, testacc_2: 0.4912.
Epoch: 46, trloss: 1.0720, trroc: 0.8303, trf1: 0.7005, tracc: 0.7638, valloss: 0.6872, valroc: 0.8054, valf1: 0.7013, valacc: 0.6068, testloss_1: 0.6440, testroc_1: 0.8458, testf1_1: 0.7668, testacc_1: 0.6831, testloss_2: 1.0686, testroc_2: 0.6834, testf1_2: 0.5412, testacc_2: 0.4526.
Epoch: 47, trloss: 1.0726, trroc: 0.8290, trf1: 0.7128, tracc: 0.7670, valloss: 0.6646, valroc: 0.7961, valf1: 0.7261, valacc: 0.6325, testloss_1: 0.5973, testroc_1: 0.8523, testf1_1: 0.7795, testacc_1: 0.6972, testloss_2: 1.0183, testroc_2: 0.6671, testf1_2: 0.5690, testacc_2: 0.4737.
Epoch: 48, trloss: 1.0658, trroc: 0.8327, trf1: 0.7329, tracc: 0.7745, valloss: 0.6197, valroc: 0.7925, valf1: 0.7261, valacc: 0.6325, testloss_1: 0.5493, testroc_1: 0.8547, testf1_1: 0.8276, testacc_1: 0.7535, testloss_2: 0.8858, testroc_2: 0.6800, testf1_2: 0.6264, testacc_2: 0.5228.
Epoch: 49, trloss: 1.0806, trroc: 0.8260, trf1: 0.7309, tracc: 0.7418, valloss: 0.5147, valroc: 0.7897, valf1: 0.7976, valacc: 0.7094, testloss_1: 0.4517, testroc_1: 0.8516, testf1_1: 0.8626, testacc_1: 0.7958, testloss_2: 0.7736, testroc_2: 0.6709, testf1_2: 0.6613, testacc_2: 0.5544.
Epoch: 50, trloss: 1.0511, trroc: 0.8397, trf1: 0.7444, tracc: 0.7691, valloss: 0.5603, valroc: 0.8010, valf1: 0.7805, valacc: 0.6923, testloss_1: 0.5198, testroc_1: 0.8533, testf1_1: 0.8406, testacc_1: 0.7676, testloss_2: 0.8895, testroc_2: 0.6749, testf1_2: 0.6301, testacc_2: 0.5263.
Epoch: 51, trloss: 1.0388, trroc: 0.8378, trf1: 0.7202, tracc: 0.7745, valloss: 0.6630, valroc: 0.7972, valf1: 0.7179, valacc: 0.6239, testloss_1: 0.5966, testroc_1: 0.8581, testf1_1: 0.7795, testacc_1: 0.6972, testloss_2: 0.9740, testroc_2: 0.6851, testf1_2: 0.5955, testacc_2: 0.4947.
Epoch: 52, trloss: 1.0517, trroc: 0.8397, trf1: 0.6952, tracc: 0.7680, valloss: 0.7113, valroc: 0.8046, valf1: 0.6842, valacc: 0.5897, testloss_1: 0.6448, testroc_1: 0.8626, testf1_1: 0.7668, testacc_1: 0.6831, testloss_2: 0.9665, testroc_2: 0.6925, testf1_2: 0.5266, testacc_2: 0.4386.
Epoch: 53, trloss: 1.0227, trroc: 0.8429, trf1: 0.7454, tracc: 0.7568, valloss: 0.5216, valroc: 0.8018, valf1: 0.8235, valacc: 0.7436, testloss_1: 0.5007, testroc_1: 0.8513, testf1_1: 0.8732, testacc_1: 0.8099, testloss_2: 0.8419, testroc_2: 0.6855, testf1_2: 0.6523, testacc_2: 0.5474.
Epoch: 54, trloss: 1.0099, trroc: 0.8445, trf1: 0.7292, tracc: 0.7761, valloss: 0.6415, valroc: 0.8008, valf1: 0.7342, valacc: 0.6410, testloss_1: 0.5715, testroc_1: 0.8615, testf1_1: 0.8218, testacc_1: 0.7465, testloss_2: 0.9045, testroc_2: 0.6709, testf1_2: 0.6339, testacc_2: 0.5298.
Epoch: 55, trloss: 1.0152, trroc: 0.8483, trf1: 0.7463, tracc: 0.7809, valloss: 0.6058, valroc: 0.7995, valf1: 0.7654, valacc: 0.6752, testloss_1: 0.5461, testroc_1: 0.8578, testf1_1: 0.8333, testacc_1: 0.7606, testloss_2: 0.8903, testroc_2: 0.6906, testf1_2: 0.6339, testacc_2: 0.5298.
Epoch: 56, trloss: 1.0336, trroc: 0.8500, trf1: 0.7402, tracc: 0.7846, valloss: 0.6043, valroc: 0.8077, valf1: 0.7500, valacc: 0.6581, testloss_1: 0.5704, testroc_1: 0.8615, testf1_1: 0.8000, testacc_1: 0.7183, testloss_2: 0.8672, testroc_2: 0.6962, testf1_2: 0.5994, testacc_2: 0.4982.
Epoch: 57, trloss: 0.9974, trroc: 0.8540, trf1: 0.7473, tracc: 0.7467, valloss: 0.4516, valroc: 0.8157, valf1: 0.8539, valacc: 0.7778, testloss_1: 0.4372, testroc_1: 0.8653, testf1_1: 0.8959, testacc_1: 0.8380, testloss_2: 0.7076, testroc_2: 0.6817, testf1_2: 0.7194, testacc_2: 0.6140.
Epoch: 58, trloss: 0.9903, trroc: 0.8500, trf1: 0.7581, tracc: 0.7878, valloss: 0.5827, valroc: 0.8137, valf1: 0.7952, valacc: 0.7094, testloss_1: 0.5635, testroc_1: 0.8557, testf1_1: 0.8333, testacc_1: 0.7606, testloss_2: 1.0421, testroc_2: 0.6746, testf1_2: 0.6226, testacc_2: 0.5193.
Epoch: 59, trloss: 0.9747, trroc: 0.8542, trf1: 0.7142, tracc: 0.7793, valloss: 0.7041, valroc: 0.8129, valf1: 0.7097, valacc: 0.6154, testloss_1: 0.6505, testroc_1: 0.8667, testf1_1: 0.7795, testacc_1: 0.6972, testloss_2: 1.0356, testroc_2: 0.6787, testf1_2: 0.5731, testacc_2: 0.4772.
Epoch: 60, trloss: 1.0103, trroc: 0.8552, trf1: 0.7476, tracc: 0.7921, valloss: 0.6213, valroc: 0.8126, valf1: 0.7654, valacc: 0.6752, testloss_1: 0.5983, testroc_1: 0.8602, testf1_1: 0.7940, testacc_1: 0.7113, testloss_2: 0.9452, testroc_2: 0.6907, testf1_2: 0.6089, testacc_2: 0.5088.
Epoch: 61, trloss: 0.9689, trroc: 0.8513, trf1: 0.7464, tracc: 0.7745, valloss: 0.5832, valroc: 0.8070, valf1: 0.8166, valacc: 0.7350, testloss_1: 0.5236, testroc_1: 0.8656, testf1_1: 0.8333, testacc_1: 0.7606, testloss_2: 0.7922, testroc_2: 0.6644, testf1_2: 0.7077, testacc_2: 0.6000.
Epoch: 62, trloss: 1.0290, trroc: 0.8586, trf1: 0.7659, tracc: 0.8006, valloss: 0.5847, valroc: 0.8139, valf1: 0.7952, valacc: 0.7094, testloss_1: 0.5409, testroc_1: 0.8721, testf1_1: 0.8218, testacc_1: 0.7465, testloss_2: 0.8255, testroc_2: 0.6922, testf1_2: 0.6842, testacc_2: 0.5789.
Epoch: 63, trloss: 0.9622, trroc: 0.8641, trf1: 0.7559, tracc: 0.7750, valloss: 0.5217, valroc: 0.8240, valf1: 0.8372, valacc: 0.7607, testloss_1: 0.4917, testroc_1: 0.8762, testf1_1: 0.8667, testacc_1: 0.8028, testloss_2: 0.8223, testroc_2: 0.6849, testf1_2: 0.6807, testacc_2: 0.5754.
Epoch: 64, trloss: 0.9871, trroc: 0.8586, trf1: 0.7584, tracc: 0.7606, valloss: 0.4638, valroc: 0.8129, valf1: 0.8539, valacc: 0.7778, testloss_1: 0.4473, testroc_1: 0.8715, testf1_1: 0.9050, testacc_1: 0.8521, testloss_2: 0.7851, testroc_2: 0.6734, testf1_2: 0.7226, testacc_2: 0.6175.
Epoch: 65, trloss: 0.9398, trroc: 0.8655, trf1: 0.7605, tracc: 0.7846, valloss: 0.5488, valroc: 0.8219, valf1: 0.8235, valacc: 0.7436, testloss_1: 0.5135, testroc_1: 0.8769, testf1_1: 0.8447, testacc_1: 0.7746, testloss_2: 0.9126, testroc_2: 0.6677, testf1_2: 0.6559, testacc_2: 0.5509.
Epoch: 66, trloss: 0.9566, trroc: 0.8479, trf1: 0.7319, tracc: 0.7114, valloss: 0.4374, valroc: 0.7912, valf1: 0.8830, valacc: 0.8120, testloss_1: 0.4312, testroc_1: 0.8581, testf1_1: 0.8996, testacc_1: 0.8380, testloss_2: 0.5567, testroc_2: 0.6683, testf1_2: 0.8426, testacc_2: 0.7509.
Epoch: 67, trloss: 0.9566, trroc: 0.8660, trf1: 0.7672, tracc: 0.7798, valloss: 0.4745, valroc: 0.8201, valf1: 0.8523, valacc: 0.7778, testloss_1: 0.4830, testroc_1: 0.8704, testf1_1: 0.8744, testacc_1: 0.8099, testloss_2: 0.7053, testroc_2: 0.6900, testf1_2: 0.7426, testacc_2: 0.6351.
Epoch: 68, trloss: 0.9411, trroc: 0.8739, trf1: 0.6990, tracc: 0.7777, valloss: 0.7854, valroc: 0.8271, valf1: 0.6486, valacc: 0.5556, testloss_1: 0.7455, testroc_1: 0.8680, testf1_1: 0.7539, testacc_1: 0.6690, testloss_2: 1.1533, testroc_2: 0.7033, testf1_2: 0.5412, testacc_2: 0.4526.
Epoch: 69, trloss: 0.9690, trroc: 0.8703, trf1: 0.7818, tracc: 0.8129, valloss: 0.5497, valroc: 0.8142, valf1: 0.8024, valacc: 0.7179, testloss_1: 0.5198, testroc_1: 0.8793, testf1_1: 0.8502, testacc_1: 0.7817, testloss_2: 0.7573, testroc_2: 0.6802, testf1_2: 0.6943, testacc_2: 0.5860.
Epoch: 70, trloss: 0.9254, trroc: 0.8688, trf1: 0.7755, tracc: 0.7921, valloss: 0.5043, valroc: 0.8227, valf1: 0.8235, valacc: 0.7436, testloss_1: 0.4738, testroc_1: 0.8814, testf1_1: 0.8774, testacc_1: 0.8169, testloss_2: 0.7427, testroc_2: 0.6765, testf1_2: 0.7241, testacc_2: 0.6175.
Epoch: 71, trloss: 0.9292, trroc: 0.8618, trf1: 0.7739, tracc: 0.7814, valloss: 0.4557, valroc: 0.8255, valf1: 0.8652, valacc: 0.7949, testloss_1: 0.4957, testroc_1: 0.8578, testf1_1: 0.8807, testacc_1: 0.8169, testloss_2: 0.8983, testroc_2: 0.6891, testf1_2: 0.6702, testacc_2: 0.5649.
Epoch: 72, trloss: 0.9251, trroc: 0.8784, trf1: 0.7803, tracc: 0.8188, valloss: 0.5686, valroc: 0.8356, valf1: 0.7952, valacc: 0.7094, testloss_1: 0.5616, testroc_1: 0.8817, testf1_1: 0.8276, testacc_1: 0.7535, testloss_2: 0.7979, testroc_2: 0.7018, testf1_2: 0.6702, testacc_2: 0.5614.
Epoch: 73, trloss: 0.9071, trroc: 0.8824, trf1: 0.7666, tracc: 0.8145, valloss: 0.6469, valroc: 0.8381, valf1: 0.7805, valacc: 0.6923, testloss_1: 0.6233, testroc_1: 0.8790, testf1_1: 0.8040, testacc_1: 0.7254, testloss_2: 0.9060, testroc_2: 0.6910, testf1_2: 0.6415, testacc_2: 0.5333.
Epoch: 74, trloss: 0.9243, trroc: 0.8714, trf1: 0.7645, tracc: 0.7643, valloss: 0.4467, valroc: 0.8240, valf1: 0.8603, valacc: 0.7863, testloss_1: 0.4302, testroc_1: 0.8793, testf1_1: 0.9140, testacc_1: 0.8662, testloss_2: 0.7218, testroc_2: 0.6647, testf1_2: 0.7573, testacc_2: 0.6491.
Epoch: 75, trloss: 0.8986, trroc: 0.8746, trf1: 0.7700, tracc: 0.7867, valloss: 0.5184, valroc: 0.8111, valf1: 0.8276, valacc: 0.7436, testloss_1: 0.4773, testroc_1: 0.8810, testf1_1: 0.8889, testacc_1: 0.8310, testloss_2: 0.6824, testroc_2: 0.6773, testf1_2: 0.7451, testacc_2: 0.6351.
Epoch: 76, trloss: 0.9314, trroc: 0.8706, trf1: 0.7683, tracc: 0.7734, valloss: 0.4478, valroc: 0.8209, valf1: 0.8475, valacc: 0.7692, testloss_1: 0.4633, testroc_1: 0.8650, testf1_1: 0.8991, testacc_1: 0.8451, testloss_2: 0.7872, testroc_2: 0.6953, testf1_2: 0.6772, testacc_2: 0.5719.
Epoch: 77, trloss: 0.9381, trroc: 0.8810, trf1: 0.7863, tracc: 0.8060, valloss: 0.4911, valroc: 0.8299, valf1: 0.8439, valacc: 0.7692, testloss_1: 0.4796, testroc_1: 0.8803, testf1_1: 0.8889, testacc_1: 0.8310, testloss_2: 0.7008, testroc_2: 0.7036, testf1_2: 0.6977, testacc_2: 0.5895.
Epoch: 78, trloss: 0.9243, trroc: 0.8812, trf1: 0.7111, tracc: 0.7846, valloss: 0.7626, valroc: 0.8312, valf1: 0.6531, valacc: 0.5641, testloss_1: 0.7276, testroc_1: 0.8667, testf1_1: 0.7340, testacc_1: 0.6479, testloss_2: 1.1233, testroc_2: 0.7013, testf1_2: 0.5481, testacc_2: 0.4561.
Epoch: 79, trloss: 0.8990, trroc: 0.8827, trf1: 0.7771, tracc: 0.7921, valloss: 0.4918, valroc: 0.8327, valf1: 0.8439, valacc: 0.7692, testloss_1: 0.4608, testroc_1: 0.8889, testf1_1: 0.8930, testacc_1: 0.8380, testloss_2: 0.7876, testroc_2: 0.6741, testf1_2: 0.7172, testacc_2: 0.6070.
Epoch: 80, trloss: 0.8820, trroc: 0.8804, trf1: 0.7707, tracc: 0.7825, valloss: 0.4542, valroc: 0.8260, valf1: 0.8715, valacc: 0.8034, testloss_1: 0.4737, testroc_1: 0.8776, testf1_1: 0.8837, testacc_1: 0.8239, testloss_2: 0.6012, testroc_2: 0.6795, testf1_2: 0.7614, testacc_2: 0.6526.
Epoch: 81, trloss: 0.9008, trroc: 0.8877, trf1: 0.7829, tracc: 0.8183, valloss: 0.5638, valroc: 0.8325, valf1: 0.8024, valacc: 0.7179, testloss_1: 0.5560, testroc_1: 0.8752, testf1_1: 0.8447, testacc_1: 0.7746, testloss_2: 0.9533, testroc_2: 0.6984, testf1_2: 0.6339, testacc_2: 0.5298.
Epoch: 82, trloss: 0.8791, trroc: 0.8860, trf1: 0.7711, tracc: 0.7696, valloss: 0.4216, valroc: 0.8278, valf1: 0.8804, valacc: 0.8120, testloss_1: 0.4244, testroc_1: 0.8858, testf1_1: 0.9148, testacc_1: 0.8662, testloss_2: 0.6669, testroc_2: 0.6686, testf1_2: 0.7692, testacc_2: 0.6632.
Epoch: 83, trloss: 0.8770, trroc: 0.8865, trf1: 0.7303, tracc: 0.7932, valloss: 0.6628, valroc: 0.8304, valf1: 0.7226, valacc: 0.6325, testloss_1: 0.6517, testroc_1: 0.8663, testf1_1: 0.7668, testacc_1: 0.6831, testloss_2: 0.8918, testroc_2: 0.7104, testf1_2: 0.5812, testacc_2: 0.4842.
Epoch: 84, trloss: 0.8878, trroc: 0.8962, trf1: 0.7990, tracc: 0.8306, valloss: 0.5264, valroc: 0.8361, valf1: 0.8166, valacc: 0.7350, testloss_1: 0.5127, testroc_1: 0.8926, testf1_1: 0.8612, testacc_1: 0.7958, testloss_2: 0.7687, testroc_2: 0.6870, testf1_2: 0.6857, testacc_2: 0.5754.
Epoch: 85, trloss: 0.8434, trroc: 0.8955, trf1: 0.7775, tracc: 0.8076, valloss: 0.5607, valroc: 0.8376, valf1: 0.8166, valacc: 0.7350, testloss_1: 0.5190, testroc_1: 0.8971, testf1_1: 0.8447, testacc_1: 0.7746, testloss_2: 0.8707, testroc_2: 0.6741, testf1_2: 0.6823, testacc_2: 0.5719.
Epoch: 86, trloss: 0.8539, trroc: 0.8919, trf1: 0.7769, tracc: 0.8060, valloss: 0.5424, valroc: 0.8289, valf1: 0.8166, valacc: 0.7350, testloss_1: 0.5129, testroc_1: 0.8981, testf1_1: 0.8558, testacc_1: 0.7887, testloss_2: 0.7905, testroc_2: 0.6707, testf1_2: 0.7186, testacc_2: 0.6070.
Epoch: 87, trloss: 0.8630, trroc: 0.8944, trf1: 0.7946, tracc: 0.8210, valloss: 0.5397, valroc: 0.8227, valf1: 0.8372, valacc: 0.7607, testloss_1: 0.4688, testroc_1: 0.8991, testf1_1: 0.8612, testacc_1: 0.7958, testloss_2: 0.7556, testroc_2: 0.6677, testf1_2: 0.7295, testacc_2: 0.6175.
Epoch: 88, trloss: 0.8664, trroc: 0.8916, trf1: 0.7930, tracc: 0.8231, valloss: 0.5403, valroc: 0.8263, valf1: 0.8235, valacc: 0.7436, testloss_1: 0.4960, testroc_1: 0.8810, testf1_1: 0.8517, testacc_1: 0.7817, testloss_2: 0.7177, testroc_2: 0.6908, testf1_2: 0.7282, testacc_2: 0.6175.
Epoch: 89, trloss: 0.8284, trroc: 0.9021, trf1: 0.7798, tracc: 0.8231, valloss: 0.6334, valroc: 0.8381, valf1: 0.7730, valacc: 0.6838, testloss_1: 0.5473, testroc_1: 0.8947, testf1_1: 0.8159, testacc_1: 0.7394, testloss_2: 0.9025, testroc_2: 0.6815, testf1_2: 0.6719, testacc_2: 0.5614.
Epoch: 90, trloss: 0.8212, trroc: 0.9018, trf1: 0.7070, tracc: 0.7851, valloss: 0.8287, valroc: 0.8456, valf1: 0.6755, valacc: 0.5812, testloss_1: 0.7177, testroc_1: 0.8868, testf1_1: 0.7604, testacc_1: 0.6761, testloss_2: 1.0668, testroc_2: 0.6774, testf1_2: 0.5859, testacc_2: 0.4842.
Epoch: 91, trloss: 0.8412, trroc: 0.9027, trf1: 0.7822, tracc: 0.8247, valloss: 0.6045, valroc: 0.8343, valf1: 0.7654, valacc: 0.6752, testloss_1: 0.5254, testroc_1: 0.8926, testf1_1: 0.8218, testacc_1: 0.7465, testloss_2: 0.7909, testroc_2: 0.6569, testf1_2: 0.6788, testacc_2: 0.5649.
Epoch: 92, trloss: 0.8369, trroc: 0.9043, trf1: 0.7759, tracc: 0.8252, valloss: 0.6298, valroc: 0.8399, valf1: 0.7805, valacc: 0.6923, testloss_1: 0.5737, testroc_1: 0.8872, testf1_1: 0.8159, testacc_1: 0.7394, testloss_2: 0.8066, testroc_2: 0.6682, testf1_2: 0.6856, testacc_2: 0.5719.
Epoch: 93, trloss: 0.8104, trroc: 0.8966, trf1: 0.7532, tracc: 0.8060, valloss: 0.6527, valroc: 0.8428, valf1: 0.7853, valacc: 0.7009, testloss_1: 0.6278, testroc_1: 0.8773, testf1_1: 0.8100, testacc_1: 0.7324, testloss_2: 1.0033, testroc_2: 0.6969, testf1_2: 0.6089, testacc_2: 0.5088.
Epoch: 94, trloss: 0.8416, trroc: 0.8966, trf1: 0.6762, tracc: 0.7696, valloss: 0.8514, valroc: 0.8381, valf1: 0.5957, valacc: 0.5128, testloss_1: 0.7478, testroc_1: 0.8742, testf1_1: 0.7273, testacc_1: 0.6408, testloss_2: 1.0455, testroc_2: 0.6935, testf1_2: 0.5665, testacc_2: 0.4737.
Epoch: 95, trloss: 0.8452, trroc: 0.8949, trf1: 0.7892, tracc: 0.7958, valloss: 0.4712, valroc: 0.8227, valf1: 0.8791, valacc: 0.8120, testloss_1: 0.3866, testroc_1: 0.8940, testf1_1: 0.9189, testacc_1: 0.8732, testloss_2: 0.7464, testroc_2: 0.6606, testf1_2: 0.7512, testacc_2: 0.6421.
Epoch: 96, trloss: 0.8154, trroc: 0.9029, trf1: 0.7863, tracc: 0.7766, valloss: 0.4149, valroc: 0.8219, valf1: 0.9043, valacc: 0.8462, testloss_1: 0.3564, testroc_1: 0.8978, testf1_1: 0.9244, testacc_1: 0.8803, testloss_2: 0.6165, testroc_2: 0.6589, testf1_2: 0.8277, testacc_2: 0.7298.
Epoch: 97, trloss: 0.8233, trroc: 0.9037, trf1: 0.7936, tracc: 0.8268, valloss: 0.5433, valroc: 0.8399, valf1: 0.8304, valacc: 0.7521, testloss_1: 0.4832, testroc_1: 0.8885, testf1_1: 0.8517, testacc_1: 0.7817, testloss_2: 0.7331, testroc_2: 0.7002, testf1_2: 0.7139, testacc_2: 0.6035.
Epoch: 98, trloss: 0.8115, trroc: 0.9092, trf1: 0.7937, tracc: 0.8258, valloss: 0.5532, valroc: 0.8472, valf1: 0.8235, valacc: 0.7436, testloss_1: 0.4956, testroc_1: 0.8909, testf1_1: 0.8502, testacc_1: 0.7817, testloss_2: 0.8474, testroc_2: 0.6779, testf1_2: 0.6822, testacc_2: 0.5684.
Epoch: 99, trloss: 0.8079, trroc: 0.9110, trf1: 0.7557, tracc: 0.8113, valloss: 0.6963, valroc: 0.8399, valf1: 0.7342, valacc: 0.6410, testloss_1: 0.5922, testroc_1: 0.8920, testf1_1: 0.7980, testacc_1: 0.7183, testloss_2: 0.9355, testroc_2: 0.6864, testf1_2: 0.6525, testacc_2: 0.5404.
Epoch: 100, trloss: 0.7797, trroc: 0.9086, trf1: 0.8018, tracc: 0.8145, valloss: 0.4730, valroc: 0.8381, valf1: 0.8588, valacc: 0.7863, testloss_1: 0.4022, testroc_1: 0.9043, testf1_1: 0.8981, testacc_1: 0.8451, testloss_2: 0.7181, testroc_2: 0.6559, testf1_2: 0.7780, testacc_2: 0.6737.
Epoch: 101, trloss: 0.8232, trroc: 0.9091, trf1: 0.7920, tracc: 0.8279, valloss: 0.6141, valroc: 0.8325, valf1: 0.7952, valacc: 0.7094, testloss_1: 0.5198, testroc_1: 0.8968, testf1_1: 0.8390, testacc_1: 0.7676, testloss_2: 0.8523, testroc_2: 0.6822, testf1_2: 0.6990, testacc_2: 0.5860.
Epoch: 102, trloss: 0.7713, trroc: 0.9106, trf1: 0.8029, tracc: 0.8397, valloss: 0.6067, valroc: 0.8356, valf1: 0.7578, valacc: 0.6667, testloss_1: 0.4910, testroc_1: 0.9015, testf1_1: 0.8218, testacc_1: 0.7465, testloss_2: 0.8354, testroc_2: 0.6682, testf1_2: 0.7023, testacc_2: 0.5895.
Epoch: 103, trloss: 0.7889, trroc: 0.9146, trf1: 0.8013, tracc: 0.8311, valloss: 0.5632, valroc: 0.8430, valf1: 0.7952, valacc: 0.7094, testloss_1: 0.4657, testroc_1: 0.9036, testf1_1: 0.8502, testacc_1: 0.7817, testloss_2: 0.8490, testroc_2: 0.6707, testf1_2: 0.6990, testacc_2: 0.5860.
Epoch: 104, trloss: 0.7569, trroc: 0.9160, trf1: 0.8072, tracc: 0.8343, valloss: 0.5543, valroc: 0.8381, valf1: 0.8095, valacc: 0.7265, testloss_1: 0.4418, testroc_1: 0.9087, testf1_1: 0.8612, testacc_1: 0.7958, testloss_2: 0.8115, testroc_2: 0.6642, testf1_2: 0.7103, testacc_2: 0.5965.
Epoch: 105, trloss: 0.8042, trroc: 0.9122, trf1: 0.8034, tracc: 0.8274, valloss: 0.5277, valroc: 0.8456, valf1: 0.8372, valacc: 0.7607, testloss_1: 0.4351, testroc_1: 0.9104, testf1_1: 0.8667, testacc_1: 0.8028, testloss_2: 0.8445, testroc_2: 0.6733, testf1_2: 0.7250, testacc_2: 0.6140.
Epoch: 106, trloss: 0.7715, trroc: 0.9135, trf1: 0.7957, tracc: 0.8359, valloss: 0.6485, valroc: 0.8379, valf1: 0.7805, valacc: 0.6923, testloss_1: 0.5318, testroc_1: 0.8944, testf1_1: 0.8159, testacc_1: 0.7394, testloss_2: 0.9200, testroc_2: 0.6725, testf1_2: 0.6719, testacc_2: 0.5579.
Epoch: 107, trloss: 0.7794, trroc: 0.9178, trf1: 0.7835, tracc: 0.8210, valloss: 0.6154, valroc: 0.8515, valf1: 0.7654, valacc: 0.6752, testloss_1: 0.5209, testroc_1: 0.8968, testf1_1: 0.8276, testacc_1: 0.7535, testloss_2: 0.9287, testroc_2: 0.6654, testf1_2: 0.6754, testacc_2: 0.5649.
Epoch: 108, trloss: 0.7458, trroc: 0.9179, trf1: 0.7936, tracc: 0.8279, valloss: 0.6037, valroc: 0.8428, valf1: 0.8024, valacc: 0.7179, testloss_1: 0.4967, testroc_1: 0.8964, testf1_1: 0.8390, testacc_1: 0.7676, testloss_2: 0.9083, testroc_2: 0.6840, testf1_2: 0.6923, testacc_2: 0.5789.
Epoch: 109, trloss: 0.7586, trroc: 0.9084, trf1: 0.7404, tracc: 0.8006, valloss: 0.7324, valroc: 0.8376, valf1: 0.6974, valacc: 0.6068, testloss_1: 0.6148, testroc_1: 0.8779, testf1_1: 0.7857, testacc_1: 0.7042, testloss_2: 0.8958, testroc_2: 0.7080, testf1_2: 0.6264, testacc_2: 0.5228.
Epoch: 110, trloss: 0.7499, trroc: 0.9076, trf1: 0.7673, tracc: 0.8161, valloss: 0.6918, valroc: 0.8387, valf1: 0.7308, valacc: 0.6410, testloss_1: 0.5759, testroc_1: 0.8786, testf1_1: 0.8040, testacc_1: 0.7254, testloss_2: 0.9846, testroc_2: 0.7056, testf1_2: 0.6150, testacc_2: 0.5123.
Epoch: 111, trloss: 0.7763, trroc: 0.9050, trf1: 0.7352, tracc: 0.6847, valloss: 0.3939, valroc: 0.8263, valf1: 0.9128, valacc: 0.8547, testloss_1: 0.3290, testroc_1: 0.9046, testf1_1: 0.9412, testacc_1: 0.9014, testloss_2: 0.6090, testroc_2: 0.6569, testf1_2: 0.8852, testacc_2: 0.8070.
Epoch: 112, trloss: 0.8256, trroc: 0.9057, trf1: 0.8077, tracc: 0.8129, valloss: 0.5225, valroc: 0.7992, valf1: 0.8667, valacc: 0.7949, testloss_1: 0.3774, testroc_1: 0.8978, testf1_1: 0.9099, testacc_1: 0.8592, testloss_2: 0.7459, testroc_2: 0.6508, testf1_2: 0.8136, testacc_2: 0.7123.
Epoch: 113, trloss: 0.7614, trroc: 0.9208, trf1: 0.8119, tracc: 0.8418, valloss: 0.5672, valroc: 0.8366, valf1: 0.8166, valacc: 0.7350, testloss_1: 0.4744, testroc_1: 0.8933, testf1_1: 0.8558, testacc_1: 0.7887, testloss_2: 0.8449, testroc_2: 0.6725, testf1_2: 0.7041, testacc_2: 0.5930.
Epoch: 114, trloss: 0.7230, trroc: 0.9154, trf1: 0.8251, tracc: 0.8407, valloss: 0.4946, valroc: 0.8345, valf1: 0.8729, valacc: 0.8034, testloss_1: 0.4264, testroc_1: 0.8950, testf1_1: 0.8889, testacc_1: 0.8310, testloss_2: 0.7684, testroc_2: 0.6575, testf1_2: 0.7849, testacc_2: 0.6807.
Epoch: 115, trloss: 0.7255, trroc: 0.9207, trf1: 0.8225, tracc: 0.8348, valloss: 0.4905, valroc: 0.8389, valf1: 0.8603, valacc: 0.7863, testloss_1: 0.3862, testroc_1: 0.9097, testf1_1: 0.9091, testacc_1: 0.8592, testloss_2: 0.8017, testroc_2: 0.6477, testf1_2: 0.7810, testacc_2: 0.6772.
Epoch: 116, trloss: 0.7129, trroc: 0.9238, trf1: 0.8143, tracc: 0.8365, valloss: 0.5598, valroc: 0.8358, valf1: 0.8523, valacc: 0.7778, testloss_1: 0.4295, testroc_1: 0.9128, testf1_1: 0.8667, testacc_1: 0.8028, testloss_2: 0.9136, testroc_2: 0.6596, testf1_2: 0.7313, testacc_2: 0.6211.
Epoch: 117, trloss: 0.7134, trroc: 0.9103, trf1: 0.7241, tracc: 0.7964, valloss: 0.8993, valroc: 0.8428, valf1: 0.6622, valacc: 0.5726, testloss_1: 0.7331, testroc_1: 0.8786, testf1_1: 0.7604, testacc_1: 0.6761, testloss_2: 1.1944, testroc_2: 0.6983, testf1_2: 0.6067, testacc_2: 0.5088.
Epoch: 118, trloss: 0.7133, trroc: 0.9278, trf1: 0.8333, tracc: 0.8536, valloss: 0.5358, valroc: 0.8358, valf1: 0.8391, valacc: 0.7607, testloss_1: 0.4030, testroc_1: 0.9101, testf1_1: 0.8774, testacc_1: 0.8169, testloss_2: 0.8346, testroc_2: 0.6429, testf1_2: 0.7585, testacc_2: 0.6491.
Epoch: 119, trloss: 0.6930, trroc: 0.9270, trf1: 0.8424, tracc: 0.8648, valloss: 0.5480, valroc: 0.8394, valf1: 0.8256, valacc: 0.7436, testloss_1: 0.4312, testroc_1: 0.8950, testf1_1: 0.8889, testacc_1: 0.8310, testloss_2: 0.8051, testroc_2: 0.6630, testf1_2: 0.7711, testacc_2: 0.6667.
Epoch: 120, trloss: 0.6857, trroc: 0.9195, trf1: 0.8233, tracc: 0.8365, valloss: 0.5404, valroc: 0.8106, valf1: 0.8508, valacc: 0.7692, testloss_1: 0.3946, testroc_1: 0.9022, testf1_1: 0.8889, testacc_1: 0.8310, testloss_2: 0.8188, testroc_2: 0.6089, testf1_2: 0.8639, testacc_2: 0.7789.
Epoch: 121, trloss: 0.7102, trroc: 0.9275, trf1: 0.8301, tracc: 0.8381, valloss: 0.4959, valroc: 0.8410, valf1: 0.8729, valacc: 0.8034, testloss_1: 0.3626, testroc_1: 0.9094, testf1_1: 0.9244, testacc_1: 0.8803, testloss_2: 0.8490, testroc_2: 0.6562, testf1_2: 0.7963, testacc_2: 0.6947.
Epoch: 122, trloss: 0.7029, trroc: 0.9329, trf1: 0.8266, tracc: 0.8552, valloss: 0.6376, valroc: 0.8410, valf1: 0.8047, valacc: 0.7179, testloss_1: 0.4668, testroc_1: 0.9070, testf1_1: 0.8558, testacc_1: 0.7887, testloss_2: 0.9991, testroc_2: 0.6503, testf1_2: 0.7121, testacc_2: 0.6000.
Epoch: 123, trloss: 0.7048, trroc: 0.9256, trf1: 0.8294, tracc: 0.8413, valloss: 0.5675, valroc: 0.8090, valf1: 0.8603, valacc: 0.7863, testloss_1: 0.3872, testroc_1: 0.9101, testf1_1: 0.9041, testacc_1: 0.8521, testloss_2: 0.8961, testroc_2: 0.6277, testf1_2: 0.8472, testacc_2: 0.7544.
Epoch: 124, trloss: 0.7077, trroc: 0.9254, trf1: 0.8244, tracc: 0.8354, valloss: 0.5245, valroc: 0.8358, valf1: 0.8667, valacc: 0.7949, testloss_1: 0.3741, testroc_1: 0.9101, testf1_1: 0.9041, testacc_1: 0.8521, testloss_2: 0.8948, testroc_2: 0.6826, testf1_2: 0.7561, testacc_2: 0.6491.
Epoch: 125, trloss: 0.6985, trroc: 0.9335, trf1: 0.8414, tracc: 0.8536, valloss: 0.5085, valroc: 0.8351, valf1: 0.8667, valacc: 0.7949, testloss_1: 0.3602, testroc_1: 0.9063, testf1_1: 0.9244, testacc_1: 0.8803, testloss_2: 0.8280, testroc_2: 0.6547, testf1_2: 0.7981, testacc_2: 0.6982.
Epoch: 126, trloss: 0.7191, trroc: 0.9321, trf1: 0.8208, tracc: 0.8530, valloss: 0.6434, valroc: 0.8438, valf1: 0.8095, valacc: 0.7265, testloss_1: 0.5108, testroc_1: 0.8885, testf1_1: 0.8502, testacc_1: 0.7817, testloss_2: 0.9540, testroc_2: 0.6582, testf1_2: 0.7008, testacc_2: 0.5895.
Epoch: 127, trloss: 0.6820, trroc: 0.9312, trf1: 0.8436, tracc: 0.8605, valloss: 0.5587, valroc: 0.8348, valf1: 0.8457, valacc: 0.7692, testloss_1: 0.3623, testroc_1: 0.9128, testf1_1: 0.9041, testacc_1: 0.8521, testloss_2: 0.8538, testroc_2: 0.6575, testf1_2: 0.7867, testacc_2: 0.6842.
Epoch: 128, trloss: 0.6377, trroc: 0.9373, trf1: 0.8485, tracc: 0.8685, valloss: 0.5703, valroc: 0.8374, valf1: 0.8409, valacc: 0.7607, testloss_1: 0.4394, testroc_1: 0.8998, testf1_1: 0.8732, testacc_1: 0.8099, testloss_2: 0.8757, testroc_2: 0.6464, testf1_2: 0.7869, testacc_2: 0.6807.
Epoch: 129, trloss: 0.7376, trroc: 0.7394, trf1: 0.5771, tracc: 0.6820, valloss: 0.9318, valroc: 0.7706, valf1: 0.6711, valacc: 0.5812, testloss_1: 0.8588, testroc_1: 0.7138, testf1_1: 0.6328, testacc_1: 0.5423, testloss_2: 1.3611, testroc_2: 0.8216, testf1_2: 0.3960, testacc_2: 0.3684.
Epoch: 130, trloss: 1.2412, trroc: 0.8327, trf1: 0.6975, tracc: 0.6398, valloss: 0.4157, valroc: 0.8222, valf1: 0.9016, valacc: 0.8376, testloss_1: 0.3747, testroc_1: 0.8554, testf1_1: 0.9016, testacc_1: 0.8310, testloss_2: 0.5717, testroc_2: 0.6958, testf1_2: 0.8254, testacc_2: 0.7298.
Epoch: 131, trloss: 1.0272, trroc: 0.8555, trf1: 0.7451, tracc: 0.7696, valloss: 0.6012, valroc: 0.7985, valf1: 0.7976, valacc: 0.7094, testloss_1: 0.4497, testroc_1: 0.8680, testf1_1: 0.8390, testacc_1: 0.7676, testloss_2: 0.8232, testroc_2: 0.7001, testf1_2: 0.6469, testacc_2: 0.5404.
Epoch: 132, trloss: 0.9638, trroc: 0.8616, trf1: 0.7390, tracc: 0.7851, valloss: 0.7374, valroc: 0.7889, valf1: 0.7261, valacc: 0.6325, testloss_1: 0.5326, testroc_1: 0.8803, testf1_1: 0.8040, testacc_1: 0.7254, testloss_2: 1.0128, testroc_2: 0.7131, testf1_2: 0.6128, testacc_2: 0.5123.
Epoch: 133, trloss: 0.9617, trroc: 0.8684, trf1: 0.6931, tracc: 0.7728, valloss: 0.8049, valroc: 0.8180, valf1: 0.6250, valacc: 0.5385, testloss_1: 0.5967, testroc_1: 0.8773, testf1_1: 0.7795, testacc_1: 0.6972, testloss_2: 0.9690, testroc_2: 0.7204, testf1_2: 0.5460, testacc_2: 0.4632.
Epoch: 134, trloss: 0.9084, trroc: 0.8798, trf1: 0.7289, tracc: 0.7841, valloss: 0.7500, valroc: 0.8237, valf1: 0.6486, valacc: 0.5556, testloss_1: 0.5565, testroc_1: 0.8892, testf1_1: 0.8100, testacc_1: 0.7324, testloss_2: 1.0327, testroc_2: 0.7145, testf1_2: 0.5909, testacc_2: 0.4947.
Epoch: 135, trloss: 0.9075, trroc: 0.8839, trf1: 0.7747, tracc: 0.8151, valloss: 0.6474, valroc: 0.8082, valf1: 0.7654, valacc: 0.6752, testloss_1: 0.4899, testroc_1: 0.8930, testf1_1: 0.8390, testacc_1: 0.7676, testloss_2: 0.8314, testroc_2: 0.6970, testf1_2: 0.6376, testacc_2: 0.5333.
Epoch: 136, trloss: 0.8640, trroc: 0.8937, trf1: 0.7955, tracc: 0.8140, valloss: 0.5424, valroc: 0.8170, valf1: 0.8208, valacc: 0.7350, testloss_1: 0.4059, testroc_1: 0.9056, testf1_1: 0.8981, testacc_1: 0.8451, testloss_2: 0.8106, testroc_2: 0.6809, testf1_2: 0.6789, testacc_2: 0.5719.
Epoch: 137, trloss: 0.8329, trroc: 0.9015, trf1: 0.7789, tracc: 0.8097, valloss: 0.6106, valroc: 0.8394, valf1: 0.8024, valacc: 0.7179, testloss_1: 0.4409, testroc_1: 0.9101, testf1_1: 0.8558, testacc_1: 0.7887, testloss_2: 0.8517, testroc_2: 0.6555, testf1_2: 0.6856, testacc_2: 0.5719.
Epoch: 138, trloss: 0.7934, trroc: 0.8990, trf1: 0.7869, tracc: 0.7985, valloss: 0.5439, valroc: 0.8168, valf1: 0.8304, valacc: 0.7521, testloss_1: 0.4021, testroc_1: 0.9077, testf1_1: 0.8981, testacc_1: 0.8451, testloss_2: 0.7714, testroc_2: 0.6371, testf1_2: 0.7335, testacc_2: 0.6175.
Epoch: 139, trloss: 0.7974, trroc: 0.9037, trf1: 0.7823, tracc: 0.8236, valloss: 0.7362, valroc: 0.8229, valf1: 0.7578, valacc: 0.6667, testloss_1: 0.5089, testroc_1: 0.9142, testf1_1: 0.8447, testacc_1: 0.7746, testloss_2: 0.8588, testroc_2: 0.6235, testf1_2: 0.7132, testacc_2: 0.5965.
Epoch: 140, trloss: 0.7861, trroc: 0.9085, trf1: 0.8179, tracc: 0.8391, valloss: 0.5629, valroc: 0.8289, valf1: 0.8235, valacc: 0.7436, testloss_1: 0.3973, testroc_1: 0.9094, testf1_1: 0.8785, testacc_1: 0.8169, testloss_2: 0.7043, testroc_2: 0.6452, testf1_2: 0.7783, testacc_2: 0.6702.
Epoch: 141, trloss: 0.7678, trroc: 0.9086, trf1: 0.7844, tracc: 0.7761, valloss: 0.4193, valroc: 0.8278, valf1: 0.8913, valacc: 0.8291, testloss_1: 0.3195, testroc_1: 0.9087, testf1_1: 0.9386, testacc_1: 0.9014, testloss_2: 0.6417, testroc_2: 0.6328, testf1_2: 0.8373, testacc_2: 0.7368.
Epoch: 142, trloss: 0.7600, trroc: 0.9075, trf1: 0.7845, tracc: 0.8183, valloss: 0.6150, valroc: 0.8345, valf1: 0.7654, valacc: 0.6752, testloss_1: 0.4746, testroc_1: 0.8875, testf1_1: 0.8626, testacc_1: 0.7958, testloss_2: 0.6945, testroc_2: 0.7037, testf1_2: 0.7610, testacc_2: 0.6561.
Epoch: 143, trloss: 0.7557, trroc: 0.9176, trf1: 0.8171, tracc: 0.8445, valloss: 0.6198, valroc: 0.8302, valf1: 0.8235, valacc: 0.7436, testloss_1: 0.4229, testroc_1: 0.9101, testf1_1: 0.8612, testacc_1: 0.7958, testloss_2: 0.7507, testroc_2: 0.6624, testf1_2: 0.7512, testacc_2: 0.6421.
Epoch: 144, trloss: 0.7417, trroc: 0.9048, trf1: 0.7972, tracc: 0.8012, valloss: 0.5114, valroc: 0.8101, valf1: 0.8729, valacc: 0.8034, testloss_1: 0.3294, testroc_1: 0.9132, testf1_1: 0.8909, testacc_1: 0.8310, testloss_2: 0.7431, testroc_2: 0.6175, testf1_2: 0.8253, testacc_2: 0.7193.
Epoch: 145, trloss: 0.7525, trroc: 0.9162, trf1: 0.8069, tracc: 0.8258, valloss: 0.5401, valroc: 0.8407, valf1: 0.8304, valacc: 0.7521, testloss_1: 0.4192, testroc_1: 0.9019, testf1_1: 0.8732, testacc_1: 0.8099, testloss_2: 0.7881, testroc_2: 0.6995, testf1_2: 0.7561, testacc_2: 0.6491.
Epoch: 146, trloss: 0.7271, trroc: 0.9178, trf1: 0.8167, tracc: 0.8402, valloss: 0.5520, valroc: 0.8351, valf1: 0.8304, valacc: 0.7521, testloss_1: 0.4141, testroc_1: 0.9070, testf1_1: 0.8837, testacc_1: 0.8239, testloss_2: 0.7026, testroc_2: 0.6511, testf1_2: 0.7935, testacc_2: 0.6877.
Epoch: 147, trloss: 0.7275, trroc: 0.9187, trf1: 0.8160, tracc: 0.8327, valloss: 0.5045, valroc: 0.8356, valf1: 0.8372, valacc: 0.7607, testloss_1: 0.3720, testroc_1: 0.9121, testf1_1: 0.8889, testacc_1: 0.8310, testloss_2: 0.8217, testroc_2: 0.6699, testf1_2: 0.7264, testacc_2: 0.6140.
Epoch: 148, trloss: 0.6989, trroc: 0.9221, trf1: 0.8185, tracc: 0.8445, valloss: 0.6262, valroc: 0.8325, valf1: 0.8024, valacc: 0.7179, testloss_1: 0.4607, testroc_1: 0.9012, testf1_1: 0.8626, testacc_1: 0.7958, testloss_2: 0.8055, testroc_2: 0.6647, testf1_2: 0.7859, testacc_2: 0.6807.
Epoch: 149, trloss: 0.7005, trroc: 0.9136, trf1: 0.7868, tracc: 0.7793, valloss: 0.4362, valroc: 0.8348, valf1: 0.8973, valacc: 0.8376, testloss_1: 0.3605, testroc_1: 0.9050, testf1_1: 0.9258, testacc_1: 0.8803, testloss_2: 0.7888, testroc_2: 0.6388, testf1_2: 0.8559, testacc_2: 0.7614.
Epoch: 150, trloss: 0.7382, trroc: 0.9301, trf1: 0.8373, tracc: 0.8584, valloss: 0.5761, valroc: 0.8335, valf1: 0.8372, valacc: 0.7607, testloss_1: 0.4106, testroc_1: 0.9074, testf1_1: 0.8732, testacc_1: 0.8099, testloss_2: 0.8114, testroc_2: 0.6514, testf1_2: 0.7566, testacc_2: 0.6456.
Epoch: 151, trloss: 0.6940, trroc: 0.9270, trf1: 0.8298, tracc: 0.8546, valloss: 0.5937, valroc: 0.8312, valf1: 0.8166, valacc: 0.7350, testloss_1: 0.4038, testroc_1: 0.9118, testf1_1: 0.8679, testacc_1: 0.8028, testloss_2: 0.8401, testroc_2: 0.6340, testf1_2: 0.7518, testacc_2: 0.6386.
Epoch: 152, trloss: 0.6935, trroc: 0.9309, trf1: 0.8198, tracc: 0.8503, valloss: 0.6474, valroc: 0.8309, valf1: 0.7952, valacc: 0.7094, testloss_1: 0.4842, testroc_1: 0.9022, testf1_1: 0.8517, testacc_1: 0.7817, testloss_2: 0.8467, testroc_2: 0.6491, testf1_2: 0.7773, testacc_2: 0.6702.
Epoch: 153, trloss: 0.6908, trroc: 0.9295, trf1: 0.8132, tracc: 0.8215, valloss: 0.4892, valroc: 0.8309, valf1: 0.8791, valacc: 0.8120, testloss_1: 0.3608, testroc_1: 0.9050, testf1_1: 0.9196, testacc_1: 0.8732, testloss_2: 0.7778, testroc_2: 0.6486, testf1_2: 0.7879, testacc_2: 0.6807.
Epoch: 154, trloss: 0.6802, trroc: 0.9175, trf1: 0.8099, tracc: 0.8322, valloss: 0.6339, valroc: 0.8309, valf1: 0.7952, valacc: 0.7094, testloss_1: 0.5129, testroc_1: 0.8759, testf1_1: 0.8732, testacc_1: 0.8099, testloss_2: 0.8822, testroc_2: 0.7032, testf1_2: 0.7121, testacc_2: 0.6000.
Epoch: 155, trloss: 0.6801, trroc: 0.9284, trf1: 0.8244, tracc: 0.8536, valloss: 0.6013, valroc: 0.8490, valf1: 0.7927, valacc: 0.7094, testloss_1: 0.4983, testroc_1: 0.8807, testf1_1: 0.8626, testacc_1: 0.7958, testloss_2: 0.7892, testroc_2: 0.6772, testf1_2: 0.7500, testacc_2: 0.6421.
Epoch: 156, trloss: 0.6584, trroc: 0.9307, trf1: 0.8395, tracc: 0.8680, valloss: 0.6677, valroc: 0.8232, valf1: 0.7683, valacc: 0.6752, testloss_1: 0.4453, testroc_1: 0.9115, testf1_1: 0.8679, testacc_1: 0.8028, testloss_2: 0.9192, testroc_2: 0.6226, testf1_2: 0.7619, testacc_2: 0.6491.
Epoch: 157, trloss: 0.6565, trroc: 0.9318, trf1: 0.8309, tracc: 0.8573, valloss: 0.6142, valroc: 0.8392, valf1: 0.7805, valacc: 0.6923, testloss_1: 0.4353, testroc_1: 0.8923, testf1_1: 0.8785, testacc_1: 0.8169, testloss_2: 0.7752, testroc_2: 0.6713, testf1_2: 0.7801, testacc_2: 0.6737.
Epoch: 158, trloss: 0.6664, trroc: 0.9304, trf1: 0.8209, tracc: 0.8258, valloss: 0.4899, valroc: 0.8317, valf1: 0.9032, valacc: 0.8462, testloss_1: 0.3755, testroc_1: 0.9084, testf1_1: 0.9099, testacc_1: 0.8592, testloss_2: 0.8756, testroc_2: 0.6137, testf1_2: 0.8541, testacc_2: 0.7579.
Epoch: 159, trloss: 0.6760, trroc: 0.9333, trf1: 0.8443, tracc: 0.8610, valloss: 0.5439, valroc: 0.8242, valf1: 0.8324, valacc: 0.7521, testloss_1: 0.3623, testroc_1: 0.9152, testf1_1: 0.9091, testacc_1: 0.8592, testloss_2: 0.8574, testroc_2: 0.6247, testf1_2: 0.8153, testacc_2: 0.7123.
Epoch: 160, trloss: 0.6386, trroc: 0.9385, trf1: 0.8461, tracc: 0.8701, valloss: 0.6697, valroc: 0.8276, valf1: 0.8095, valacc: 0.7265, testloss_1: 0.4772, testroc_1: 0.9053, testf1_1: 0.8571, testacc_1: 0.7887, testloss_2: 0.9792, testroc_2: 0.6498, testf1_2: 0.7578, testacc_2: 0.6456.
Best test roc/f1: test_roc_1:0.9046, test_f1_1:0.9412, test_acc_1:0.9014, test_roc_2:0.6569, test_f1_2:0.8852, test_acc_2:0.8070, val_f1:0.912821, val_roc:0.8263, val_acc:0.8547